Flat profile:

Each sample counts as 0.01 seconds.
  %   cumulative   self              self     total           
 time   seconds   seconds    calls  ms/call  ms/call  name    
 32.31     17.51    17.51 128923478     0.00     0.00  igamc
  9.36     22.58     5.07  1475471     0.00     0.00  pushback_kseq
  8.09     26.97     4.39 129680477     0.00     0.00  lgam
  6.83     30.67     3.70   861235     0.00     0.04  dmp_process_write
  6.45     34.17     3.50 16816303     0.00     0.00  ks_getuntil2.constprop.7
  5.74     37.28     3.11 113999024     0.00     0.00  ARRG_MAX
  5.67     40.35     3.07      165    18.61   289.08  omgz_core
  4.78     42.94     2.59  4031256     0.00     0.00  crc_mseq
  3.66     44.93     1.99 100635705     0.00     0.00  pvalue_to_phred
  3.02     46.56     1.64 288101024     0.00     0.00  nuc_to_pos
  2.67     48.01     1.45  2406258     0.00     0.00  igaml
  2.26     49.23     1.23  2010699     0.00     0.00  fill_csv_buffer
  1.70     50.15     0.92  1220400     0.00     0.00  init_kfp
  1.69     51.07     0.92 121653872     0.00     0.00  igamc_pvalues
  1.24     51.74     0.67  5513090     0.00     0.00  ks_getuntil2.constprop.6
  1.23     52.40     0.67 90464339     0.00     0.00  ARRG_MAX_TO_NUC
  1.03     52.96     0.56  1088363     0.00     0.00  destroy_kf
  0.37     53.16     0.20  2778524     0.00     0.00  cp_view2buf
  0.34     53.35     0.19  5436388     0.00     0.00  kseq_read
  0.31     53.52     0.17  5399656     0.00     0.00  nuc_cmp
  0.30     53.68     0.16 22154226     0.00     0.00  ks_getc
  0.28     53.83     0.15                             gamma
  0.18     53.93     0.10  3548065     0.00     0.00  barcode_mem_view
  0.09     53.98     0.05  1929355     0.00     0.00  test_hp_inline
  0.07     54.02     0.04  2015628     0.00     0.00  get_binnerul
  0.07     54.06     0.04                             pp_split_inline1
  0.04     54.08     0.02  4031254     0.00     0.00  update_mseq
  0.04     54.10     0.02                             FREE_SPLITTER_PTR
  0.03     54.11     0.02  4031256     0.00     0.00  mseq2fq_inline
  0.03     54.13     0.02   778626     0.00     0.00  fill_fa_buffer
  0.03     54.14     0.02  5591436     0.00     0.00  ks_getuntil.constprop.5
  0.02     54.15     0.01  8062512     0.00     0.00  ulpow.constprop.1
  0.02     54.16     0.01  4031256     0.00     0.00  crc_flip
  0.02     54.17     0.01  2015628     0.00     0.00  test_homing_seq
  0.02     54.18     0.01                             set_kf
  0.01     54.19     0.01  5475695     0.00     0.00  ks_getuntil.constprop.4
  0.01     54.19     0.01  1115557     0.00     0.00  fill_pv_buffer
  0.01     54.20     0.01        1     5.00     5.00  tmp_mseq_destroy
  0.00     54.20     0.00  2015628     0.00     0.00  set_barcode
  0.00     54.20     0.00      179     0.00     0.00  kseq_destroy
  0.00     54.20     0.00      166     0.00     0.00  tmpvars_destroy
  0.00     54.20     0.00      158     0.00     0.00  ks_destroy
  0.00     54.20     0.00      156     0.00     0.00  infer_barcode_length
  0.00     54.20     0.00      155     0.00     0.00  kseq_init
  0.00     54.20     0.00      151     0.00     0.00  init_tmpvars_p
  0.00     54.20     0.00      145     0.00     0.00  ks_init
  0.00     54.20     0.00        2     0.00     0.00  init_rescale_revcmp_mseq
  0.00     54.20     0.00        2     0.00     0.00  mseq_destroy
  0.00     54.20     0.00        2     0.00     0.00  mseq_rescale_init
  0.00     54.20     0.00        1     0.00     0.00  init_splitter_inline
  0.00     54.20     0.00        1     0.00     0.00  init_tmp_mseq
  0.00     54.20     0.00        1     0.00     0.00  ipow.constprop.3
  0.00     54.20     0.00        1     0.00     0.00  trim_ext

 %         the percentage of the total running time of the
time       program used by this function.

cumulative a running sum of the number of seconds accounted
 seconds   for by this function and those listed above it.

 self      the number of seconds accounted for by this
seconds    function alone.  This is the major sort for this
           listing.

calls      the number of times this function was invoked, if
           this function is profiled, else blank.
 
 self      the average number of milliseconds spent in this
ms/call    function per call, if this function is profiled,
	   else blank.

 total     the average number of milliseconds spent in this
ms/call    function and its descendents per call, if this 
	   function is profiled, else blank.

name       the name of the function.  This is the minor sort
           for this listing. The index shows the location of
	   the function in the gprof listing. If the index is
	   in parenthesis it shows where it would appear in
	   the gprof listing if it were to be printed.

Copyright (C) 2012 Free Software Foundation, Inc.

Copying and distribution of this file, with or without modification,
are permitted in any medium without royalty provided the copyright
notice and this notice are preserved.

		     Call graph (explanation follows)


granularity: each sample hit covers 2 byte(s) for 0.02% of 54.20 seconds

index % time    self  children    called     name
                3.07   44.63     165/165         uthash_dmp_main [2]
[1]     88.0    3.07   44.63     165         omgz_core [1]
                3.70   31.27  861235/861235      dmp_process_write [3]
                5.07    1.69 1475471/1475471     pushback_kseq [5]
                0.05    1.12 1405133/5436388     kseq_read [7]
                0.92    0.00 1220400/1220400     init_kfp [16]
                0.56    0.00 1088363/1088363     destroy_kf [20]
                0.20    0.00 2778524/2778524     cp_view2buf [21]
                0.04    0.00 1504943/3548065     barcode_mem_view [26]
                0.00    0.00     177/179         kseq_destroy [42]
                0.00    0.00     156/156         infer_barcode_length [45]
                0.00    0.00     153/155         kseq_init [46]
                0.00    0.00     151/151         init_tmpvars_p [47]
-----------------------------------------------
                                                 <spontaneous>
[2]     88.0    0.00   47.70                 uthash_dmp_main [2]
                3.07   44.63     165/165         omgz_core [1]
                0.00    0.00     166/166         tmpvars_destroy [43]
-----------------------------------------------
                3.70   31.27  861235/861235      omgz_core [1]
[3]     64.5    3.70   31.27  861235         dmp_process_write [3]
               17.51    5.83 128923478/128923478     igamc [4]
                3.11    0.00 113999024/113999024     ARRG_MAX [10]
                1.99    0.00 100635705/100635705     pvalue_to_phred [12]
                1.23    0.00 2010699/2010699     fill_csv_buffer [15]
                0.92    0.00 121653872/121653872     igamc_pvalues [17]
                0.67    0.00 90464339/90464339     ARRG_MAX_TO_NUC [19]
                0.02    0.00  778626/778626      fill_fa_buffer [32]
                0.01    0.00 1115557/1115557     fill_pv_buffer [38]
-----------------------------------------------
               17.51    5.83 128923478/128923478     dmp_process_write [3]
[4]     43.1   17.51    5.83 128923478         igamc [4]
                4.30    0.00 127172773/129680477     lgam [8]
                1.45    0.08 2406258/2406258     igaml [14]
-----------------------------------------------
                5.07    1.69 1475471/1475471     omgz_core [1]
[5]     12.5    5.07    1.69 1475471         pushback_kseq [5]
                1.64    0.00 288101024/288101024     nuc_to_pos [13]
                0.06    0.00 2043122/3548065     barcode_mem_view [26]
-----------------------------------------------
                                                 <spontaneous>
[6]     11.7    0.04    6.28                 pp_split_inline1 [6]
                0.14    3.22 4031255/5436388     kseq_read [7]
                2.59    0.18 4031254/4031256     crc_mseq [11]
                0.04    0.01 2015628/2015628     get_binnerul [27]
                0.05    0.00 1929355/1929355     test_hp_inline [28]
                0.02    0.00 4031254/4031254     update_mseq [29]
                0.02    0.00 4031256/4031256     mseq2fq_inline [31]
                0.01    0.00 2015628/2015628     test_homing_seq [35]
                0.01    0.00       1/1           tmp_mseq_destroy [39]
                0.00    0.00       2/2           init_rescale_revcmp_mseq [40]
                0.00    0.00 2015628/2015628     set_barcode [41]
                0.00    0.00       2/155         kseq_init [46]
                0.00    0.00       2/2           mseq_destroy [49]
                0.00    0.00       2/179         kseq_destroy [42]
                0.00    0.00       1/1           init_splitter_inline [51]
                0.00    0.00       1/1           init_tmp_mseq [52]
-----------------------------------------------
                0.05    1.12 1405133/5436388     omgz_core [1]
                0.14    3.22 4031255/5436388     pp_split_inline1 [6]
[7]      8.4    0.19    4.35 5436388         kseq_read [7]
                3.50    0.00 16816303/16816303     ks_getuntil2.constprop.7 [9]
                0.67    0.00 5513090/5513090     ks_getuntil2.constprop.6 [18]
                0.16    0.00 22154226/22154226     ks_getc [24]
                0.02    0.00 5591436/5591436     ks_getuntil.constprop.5 [33]
                0.01    0.00 5475695/5475695     ks_getuntil.constprop.4 [37]
-----------------------------------------------
                0.08    0.00 2507704/129680477     igaml [14]
                4.30    0.00 127172773/129680477     igamc [4]
[8]      8.1    4.39    0.00 129680477         lgam [8]
-----------------------------------------------
                3.50    0.00 16816303/16816303     kseq_read [7]
[9]      6.5    3.50    0.00 16816303         ks_getuntil2.constprop.7 [9]
-----------------------------------------------
                3.11    0.00 113999024/113999024     dmp_process_write [3]
[10]     5.7    3.11    0.00 113999024         ARRG_MAX [10]
-----------------------------------------------
                0.00    0.00       2/4031256     init_rescale_revcmp_mseq [40]
                2.59    0.18 4031254/4031256     pp_split_inline1 [6]
[11]     5.1    2.59    0.18 4031256         crc_mseq [11]
                0.01    0.17 4031256/4031256     crc_flip [22]
-----------------------------------------------
                1.99    0.00 100635705/100635705     dmp_process_write [3]
[12]     3.7    1.99    0.00 100635705         pvalue_to_phred [12]
-----------------------------------------------
                1.64    0.00 288101024/288101024     pushback_kseq [5]
[13]     3.0    1.64    0.00 288101024         nuc_to_pos [13]
-----------------------------------------------
                1.45    0.08 2406258/2406258     igamc [4]
[14]     2.8    1.45    0.08 2406258         igaml [14]
                0.08    0.00 2507704/129680477     lgam [8]
-----------------------------------------------
                1.23    0.00 2010699/2010699     dmp_process_write [3]
[15]     2.3    1.23    0.00 2010699         fill_csv_buffer [15]
-----------------------------------------------
                0.92    0.00 1220400/1220400     omgz_core [1]
[16]     1.7    0.92    0.00 1220400         init_kfp [16]
-----------------------------------------------
                0.92    0.00 121653872/121653872     dmp_process_write [3]
[17]     1.7    0.92    0.00 121653872         igamc_pvalues [17]
-----------------------------------------------
                0.67    0.00 5513090/5513090     kseq_read [7]
[18]     1.2    0.67    0.00 5513090         ks_getuntil2.constprop.6 [18]
-----------------------------------------------
                0.67    0.00 90464339/90464339     dmp_process_write [3]
[19]     1.2    0.67    0.00 90464339         ARRG_MAX_TO_NUC [19]
-----------------------------------------------
                0.56    0.00 1088363/1088363     omgz_core [1]
[20]     1.0    0.56    0.00 1088363         destroy_kf [20]
-----------------------------------------------
                0.20    0.00 2778524/2778524     omgz_core [1]
[21]     0.4    0.20    0.00 2778524         cp_view2buf [21]
-----------------------------------------------
                0.01    0.17 4031256/4031256     crc_mseq [11]
[22]     0.3    0.01    0.17 4031256         crc_flip [22]
                0.17    0.00 5399656/5399656     nuc_cmp [23]
-----------------------------------------------
                0.17    0.00 5399656/5399656     crc_flip [22]
[23]     0.3    0.17    0.00 5399656         nuc_cmp [23]
-----------------------------------------------
                0.16    0.00 22154226/22154226     kseq_read [7]
[24]     0.3    0.16    0.00 22154226         ks_getc [24]
-----------------------------------------------
                                                 <spontaneous>
[25]     0.3    0.15    0.00                 gamma [25]
-----------------------------------------------
                0.04    0.00 1504943/3548065     omgz_core [1]
                0.06    0.00 2043122/3548065     pushback_kseq [5]
[26]     0.2    0.10    0.00 3548065         barcode_mem_view [26]
-----------------------------------------------
                0.04    0.01 2015628/2015628     pp_split_inline1 [6]
[27]     0.1    0.04    0.01 2015628         get_binnerul [27]
                0.01    0.00 8062512/8062512     ulpow.constprop.1 [34]
-----------------------------------------------
                0.05    0.00 1929355/1929355     pp_split_inline1 [6]
[28]     0.1    0.05    0.00 1929355         test_hp_inline [28]
-----------------------------------------------
                0.02    0.00 4031254/4031254     pp_split_inline1 [6]
[29]     0.0    0.02    0.00 4031254         update_mseq [29]
-----------------------------------------------
                                                 <spontaneous>
[30]     0.0    0.02    0.00                 FREE_SPLITTER_PTR [30]
-----------------------------------------------
                0.02    0.00 4031256/4031256     pp_split_inline1 [6]
[31]     0.0    0.02    0.00 4031256         mseq2fq_inline [31]
-----------------------------------------------
                0.02    0.00  778626/778626      dmp_process_write [3]
[32]     0.0    0.02    0.00  778626         fill_fa_buffer [32]
-----------------------------------------------
                0.02    0.00 5591436/5591436     kseq_read [7]
[33]     0.0    0.02    0.00 5591436         ks_getuntil.constprop.5 [33]
-----------------------------------------------
                0.01    0.00 8062512/8062512     get_binnerul [27]
[34]     0.0    0.01    0.00 8062512         ulpow.constprop.1 [34]
-----------------------------------------------
                0.01    0.00 2015628/2015628     pp_split_inline1 [6]
[35]     0.0    0.01    0.00 2015628         test_homing_seq [35]
-----------------------------------------------
                                                 <spontaneous>
[36]     0.0    0.01    0.00                 set_kf [36]
-----------------------------------------------
                0.01    0.00 5475695/5475695     kseq_read [7]
[37]     0.0    0.01    0.00 5475695         ks_getuntil.constprop.4 [37]
-----------------------------------------------
                0.01    0.00 1115557/1115557     dmp_process_write [3]
[38]     0.0    0.01    0.00 1115557         fill_pv_buffer [38]
-----------------------------------------------
                0.01    0.00       1/1           pp_split_inline1 [6]
[39]     0.0    0.01    0.00       1         tmp_mseq_destroy [39]
-----------------------------------------------
                0.00    0.00       2/2           pp_split_inline1 [6]
[40]     0.0    0.00    0.00       2         init_rescale_revcmp_mseq [40]
                0.00    0.00       2/4031256     crc_mseq [11]
                0.00    0.00       2/2           mseq_rescale_init [50]
-----------------------------------------------
                0.00    0.00 2015628/2015628     pp_split_inline1 [6]
[41]     0.0    0.00    0.00 2015628         set_barcode [41]
-----------------------------------------------
                0.00    0.00       2/179         pp_split_inline1 [6]
                0.00    0.00     177/179         omgz_core [1]
[42]     0.0    0.00    0.00     179         kseq_destroy [42]
                0.00    0.00     158/158         ks_destroy [44]
-----------------------------------------------
                0.00    0.00     166/166         uthash_dmp_main [2]
[43]     0.0    0.00    0.00     166         tmpvars_destroy [43]
-----------------------------------------------
                0.00    0.00     158/158         kseq_destroy [42]
[44]     0.0    0.00    0.00     158         ks_destroy [44]
-----------------------------------------------
                0.00    0.00     156/156         omgz_core [1]
[45]     0.0    0.00    0.00     156         infer_barcode_length [45]
-----------------------------------------------
                0.00    0.00       2/155         pp_split_inline1 [6]
                0.00    0.00     153/155         omgz_core [1]
[46]     0.0    0.00    0.00     155         kseq_init [46]
                0.00    0.00     145/145         ks_init [48]
-----------------------------------------------
                0.00    0.00     151/151         omgz_core [1]
[47]     0.0    0.00    0.00     151         init_tmpvars_p [47]
-----------------------------------------------
                0.00    0.00     145/145         kseq_init [46]
[48]     0.0    0.00    0.00     145         ks_init [48]
-----------------------------------------------
                0.00    0.00       2/2           pp_split_inline1 [6]
[49]     0.0    0.00    0.00       2         mseq_destroy [49]
-----------------------------------------------
                0.00    0.00       2/2           init_rescale_revcmp_mseq [40]
[50]     0.0    0.00    0.00       2         mseq_rescale_init [50]
-----------------------------------------------
                0.00    0.00       1/1           pp_split_inline1 [6]
[51]     0.0    0.00    0.00       1         init_splitter_inline [51]
                0.00    0.00       1/1           ipow.constprop.3 [53]
-----------------------------------------------
                0.00    0.00       1/1           pp_split_inline1 [6]
[52]     0.0    0.00    0.00       1         init_tmp_mseq [52]
-----------------------------------------------
                0.00    0.00       1/1           init_splitter_inline [51]
[53]     0.0    0.00    0.00       1         ipow.constprop.3 [53]
-----------------------------------------------
                0.00    0.00       1/1           make_default_outfname [78]
[54]     0.0    0.00    0.00       1         trim_ext [54]
-----------------------------------------------

 This table describes the call tree of the program, and was sorted by
 the total amount of time spent in each function and its children.

 Each entry in this table consists of several lines.  The line with the
 index number at the left hand margin lists the current function.
 The lines above it list the functions that called this function,
 and the lines below it list the functions this one called.
 This line lists:
     index	A unique number given to each element of the table.
		Index numbers are sorted numerically.
		The index number is printed next to every function name so
		it is easier to look up where the function is in the table.

     % time	This is the percentage of the `total' time that was spent
		in this function and its children.  Note that due to
		different viewpoints, functions excluded by options, etc,
		these numbers will NOT add up to 100%.

     self	This is the total amount of time spent in this function.

     children	This is the total amount of time propagated into this
		function by its children.

     called	This is the number of times the function was called.
		If the function called itself recursively, the number
		only includes non-recursive calls, and is followed by
		a `+' and the number of recursive calls.

     name	The name of the current function.  The index number is
		printed after it.  If the function is a member of a
		cycle, the cycle number is printed between the
		function's name and the index number.


 For the function's parents, the fields have the following meanings:

     self	This is the amount of time that was propagated directly
		from the function into this parent.

     children	This is the amount of time that was propagated from
		the function's children into this parent.

     called	This is the number of times this parent called the
		function `/' the total number of times the function
		was called.  Recursive calls to the function are not
		included in the number after the `/'.

     name	This is the name of the parent.  The parent's index
		number is printed after it.  If the parent is a
		member of a cycle, the cycle number is printed between
		the name and the index number.

 If the parents of the function cannot be determined, the word
 `<spontaneous>' is printed in the `name' field, and all the other
 fields are blank.

 For the function's children, the fields have the following meanings:

     self	This is the amount of time that was propagated directly
		from the child into the function.

     children	This is the amount of time that was propagated from the
		child's children to the function.

     called	This is the number of times the function called
		this child `/' the total number of times the child
		was called.  Recursive calls by the child are not
		listed in the number after the `/'.

     name	This is the name of the child.  The child's index
		number is printed after it.  If the child is a
		member of a cycle, the cycle number is printed
		between the name and the index number.

 If there are any cycles (circles) in the call graph, there is an
 entry for the cycle-as-a-whole.  This entry shows who called the
 cycle (as parents) and the members of the cycle (as children.)
 The `+' recursive calls entry shows the number of function calls that
 were internal to the cycle, and the calls entry for each member shows,
 for that member, how many times it was called from other members of
 the cycle.

Copyright (C) 2012 Free Software Foundation, Inc.

Copying and distribution of this file, with or without modification,
are permitted in any medium without royalty provided the copyright
notice and this notice are preserved.

Index by function name

  [10] ARRG_MAX               [16] init_kfp               [49] mseq_destroy
  [19] ARRG_MAX_TO_NUC        [40] init_rescale_revcmp_mseq [50] mseq_rescale_init
  [30] FREE_SPLITTER_PTR      [51] init_splitter_inline   [23] nuc_cmp
  [26] barcode_mem_view       [52] init_tmp_mseq          [13] nuc_to_pos
  [21] cp_view2buf            [47] init_tmpvars_p          [1] omgz_core
  [22] crc_flip               [53] ipow.constprop.3        [6] pp_split_inline1
  [11] crc_mseq               [44] ks_destroy              [5] pushback_kseq
  [20] destroy_kf             [24] ks_getc                [12] pvalue_to_phred
   [3] dmp_process_write      [37] ks_getuntil.constprop.4 [41] set_barcode
  [15] fill_csv_buffer        [33] ks_getuntil.constprop.5 [36] set_kf
  [32] fill_fa_buffer         [18] ks_getuntil2.constprop.6 [35] test_homing_seq
  [38] fill_pv_buffer          [9] ks_getuntil2.constprop.7 [28] test_hp_inline
  [25] gamma                  [48] ks_init                [39] tmp_mseq_destroy
  [27] get_binnerul           [42] kseq_destroy           [43] tmpvars_destroy
   [4] igamc                  [46] kseq_init              [54] trim_ext
  [17] igamc_pvalues           [7] kseq_read              [34] ulpow.constprop.1
  [14] igaml                   [8] lgam                   [29] update_mseq
  [45] infer_barcode_length   [31] mseq2fq_inline
